{"/Users/andrevrcoelho/Documents/GitHub/react-custom-hooks-typescript/hooks/useAsyncEffect.ts": {"path":"/Users/andrevrcoelho/Documents/GitHub/react-custom-hooks-typescript/hooks/useAsyncEffect.ts","statementMap":{"0":{"start":{"line":1,"column":0},"end":{"line":1,"column":null}},"1":{"start":{"line":20,"column":50},"end":{"line":42,"column":1}},"2":{"start":{"line":25,"column":22},"end":{"line":25,"column":54}},"3":{"start":{"line":26,"column":25},"end":{"line":26,"column":76}},"4":{"start":{"line":27,"column":18},"end":{"line":27,"column":32}},"5":{"start":{"line":29,"column":2},"end":{"line":31,"column":5}},"6":{"start":{"line":30,"column":4},"end":{"line":30,"column":29}},"7":{"start":{"line":33,"column":2},"end":{"line":41,"column":23}},"8":{"start":{"line":34,"column":4},"end":{"line":34,"column":22}},"9":{"start":{"line":36,"column":4},"end":{"line":40,"column":6}},"10":{"start":{"line":37,"column":6},"end":{"line":39,"column":null}},"11":{"start":{"line":38,"column":8},"end":{"line":38,"column":21}},"12":{"start":{"line":20,"column":13},"end":{"line":20,"column":50}}},"fnMap":{"0":{"name":"(anonymous_0)","decl":{"start":{"line":20,"column":50},"end":{"line":20,"column":null}},"loc":{"start":{"line":23,"column":23},"end":{"line":42,"column":1}}},"1":{"name":"(anonymous_1)","decl":{"start":{"line":29,"column":18},"end":{"line":29,"column":null}},"loc":{"start":{"line":29,"column":18},"end":{"line":31,"column":3}}},"2":{"name":"(anonymous_2)","decl":{"start":{"line":33,"column":12},"end":{"line":33,"column":null}},"loc":{"start":{"line":33,"column":12},"end":{"line":41,"column":3}}},"3":{"name":"(anonymous_3)","decl":{"start":{"line":36,"column":11},"end":{"line":36,"column":null}},"loc":{"start":{"line":36,"column":11},"end":{"line":40,"column":5}}}},"branchMap":{"0":{"loc":{"start":{"line":26,"column":25},"end":{"line":26,"column":76}},"type":"cond-expr","locations":[{"start":{"line":26,"column":39},"end":{"line":26,"column":43}},{"start":{"line":26,"column":47},"end":{"line":26,"column":76}}]},"1":{"loc":{"start":{"line":37,"column":6},"end":{"line":39,"column":null}},"type":"if","locations":[{"start":{"line":37,"column":6},"end":{"line":39,"column":null}}]}},"s":{"0":0,"1":0,"2":0,"3":0,"4":0,"5":0,"6":0,"7":0,"8":0,"9":0,"10":0,"11":0,"12":0},"f":{"0":0,"1":0,"2":0,"3":0},"b":{"0":[0,0],"1":[0]}}
,"/Users/andrevrcoelho/Documents/GitHub/react-custom-hooks-typescript/hooks/useDebouncedValue.ts": {"path":"/Users/andrevrcoelho/Documents/GitHub/react-custom-hooks-typescript/hooks/useDebouncedValue.ts","statementMap":{"0":{"start":{"line":1,"column":0},"end":{"line":1,"column":44}},"1":{"start":{"line":3,"column":33},"end":{"line":15,"column":1}},"2":{"start":{"line":3,"column":49},"end":{"line":3,"column":null}},"3":{"start":{"line":4,"column":46},"end":{"line":4,"column":61}},"4":{"start":{"line":4,"column":23},"end":{"line":4,"column":25}},"5":{"start":{"line":4,"column":42},"end":{"line":4,"column":46}},"6":{"start":{"line":6,"column":2},"end":{"line":12,"column":14}},"7":{"start":{"line":7,"column":20},"end":{"line":7,"column":69}},"8":{"start":{"line":7,"column":37},"end":{"line":7,"column":63}},"9":{"start":{"line":9,"column":4},"end":{"line":11,"column":6}},"10":{"start":{"line":10,"column":6},"end":{"line":10,"column":28}},"11":{"start":{"line":14,"column":2},"end":{"line":14,"column":24}},"12":{"start":{"line":3,"column":13},"end":{"line":3,"column":33}}},"fnMap":{"0":{"name":"(anonymous_0)","decl":{"start":{"line":3,"column":33},"end":{"line":3,"column":34}},"loc":{"start":{"line":3,"column":60},"end":{"line":15,"column":1}}},"1":{"name":"(anonymous_1)","decl":{"start":{"line":6,"column":12},"end":{"line":6,"column":null}},"loc":{"start":{"line":6,"column":12},"end":{"line":12,"column":3}}},"2":{"name":"(anonymous_2)","decl":{"start":{"line":7,"column":31},"end":{"line":7,"column":37}},"loc":{"start":{"line":7,"column":31},"end":{"line":7,"column":54}}},"3":{"name":"(anonymous_3)","decl":{"start":{"line":9,"column":11},"end":{"line":9,"column":null}},"loc":{"start":{"line":9,"column":11},"end":{"line":11,"column":5}}}},"branchMap":{"0":{"loc":{"start":{"line":3,"column":49},"end":{"line":3,"column":null}},"type":"if","locations":[{"start":{"line":3,"column":49},"end":{"line":3,"column":null}}]}},"s":{"0":0,"1":0,"2":0,"3":0,"4":0,"5":0,"6":0,"7":0,"8":0,"9":0,"10":0,"11":0,"12":0},"f":{"0":0,"1":0,"2":0,"3":0},"b":{"0":[0]}}
,"/Users/andrevrcoelho/Documents/GitHub/react-custom-hooks-typescript/hooks/useEventListener.ts": {"path":"/Users/andrevrcoelho/Documents/GitHub/react-custom-hooks-typescript/hooks/useEventListener.ts","statementMap":{"0":{"start":{"line":1,"column":0},"end":{"line":1,"column":59}},"1":{"start":{"line":16,"column":49},"end":{"line":19,"column":2}},"2":{"start":{"line":21,"column":54},"end":{"line":47,"column":1}},"3":{"start":{"line":24,"column":2},"end":{"line":24,"column":null}},"4":{"start":{"line":26,"column":48},"end":{"line":26,"column":56}},"5":{"start":{"line":26,"column":17},"end":{"line":26,"column":26}},"6":{"start":{"line":26,"column":32},"end":{"line":26,"column":48}},"7":{"start":{"line":27,"column":21},"end":{"line":27,"column":36}},"8":{"start":{"line":29,"column":2},"end":{"line":31,"column":5}},"9":{"start":{"line":30,"column":4},"end":{"line":30,"column":33}},"10":{"start":{"line":33,"column":2},"end":{"line":46,"column":35}},"11":{"start":{"line":34,"column":4},"end":{"line":36,"column":null}},"12":{"start":{"line":35,"column":6},"end":{"line":35,"column":24}},"13":{"start":{"line":35,"column":19},"end":{"line":35,"column":24}},"14":{"start":{"line":38,"column":52},"end":{"line":40,"column":5}},"15":{"start":{"line":39,"column":6},"end":{"line":39,"column":41}},"16":{"start":{"line":42,"column":4},"end":{"line":42,"column":53}},"17":{"start":{"line":43,"column":4},"end":{"line":45,"column":6}},"18":{"start":{"line":44,"column":6},"end":{"line":44,"column":58}},"19":{"start":{"line":21,"column":13},"end":{"line":21,"column":54}}},"fnMap":{"0":{"name":"(anonymous_0)","decl":{"start":{"line":21,"column":54},"end":{"line":21,"column":null}},"loc":{"start":{"line":24,"column":27},"end":{"line":47,"column":1}}},"1":{"name":"(anonymous_1)","decl":{"start":{"line":29,"column":18},"end":{"line":29,"column":null}},"loc":{"start":{"line":29,"column":18},"end":{"line":31,"column":3}}},"2":{"name":"(anonymous_2)","decl":{"start":{"line":33,"column":12},"end":{"line":33,"column":null}},"loc":{"start":{"line":33,"column":12},"end":{"line":46,"column":3}}},"3":{"name":"(anonymous_3)","decl":{"start":{"line":35,"column":13},"end":{"line":35,"column":19}},"loc":{"start":{"line":35,"column":13},"end":{"line":35,"column":23}}},"4":{"name":"(anonymous_4)","decl":{"start":{"line":38,"column":52},"end":{"line":38,"column":53}},"loc":{"start":{"line":38,"column":54},"end":{"line":40,"column":5}}},"5":{"name":"(anonymous_5)","decl":{"start":{"line":43,"column":11},"end":{"line":43,"column":null}},"loc":{"start":{"line":43,"column":11},"end":{"line":45,"column":5}}}},"branchMap":{"0":{"loc":{"start":{"line":24,"column":2},"end":{"line":24,"column":null}},"type":"if","locations":[{"start":{"line":24,"column":2},"end":{"line":24,"column":null}}]},"1":{"loc":{"start":{"line":26,"column":17},"end":{"line":26,"column":26}},"type":"cond-expr","locations":[{"start":{"line":26,"column":20},"end":{"line":26,"column":24}},{"start":{"line":26,"column":24},"end":{"line":26,"column":26}}]},"2":{"loc":{"start":{"line":26,"column":32},"end":{"line":26,"column":48}},"type":"cond-expr","locations":[{"start":{"line":26,"column":35},"end":{"line":26,"column":43}},{"start":{"line":26,"column":43},"end":{"line":26,"column":48}}]},"3":{"loc":{"start":{"line":34,"column":4},"end":{"line":36,"column":null}},"type":"if","locations":[{"start":{"line":34,"column":4},"end":{"line":36,"column":null}}]}},"s":{"0":0,"1":0,"2":0,"3":0,"4":0,"5":0,"6":0,"7":0,"8":0,"9":0,"10":0,"11":0,"12":0,"13":0,"14":0,"15":0,"16":0,"17":0,"18":0,"19":0},"f":{"0":0,"1":0,"2":0,"3":0,"4":0,"5":0},"b":{"0":[0],"1":[0,0],"2":[0,0],"3":[0]}}
,"/Users/andrevrcoelho/Documents/GitHub/react-custom-hooks-typescript/hooks/useIsMounted.ts": {"path":"/Users/andrevrcoelho/Documents/GitHub/react-custom-hooks-typescript/hooks/useIsMounted.ts","statementMap":{"0":{"start":{"line":1,"column":0},"end":{"line":1,"column":42}},"1":{"start":{"line":3,"column":28},"end":{"line":15,"column":1}},"2":{"start":{"line":4,"column":18},"end":{"line":4,"column":31}},"3":{"start":{"line":6,"column":2},"end":{"line":12,"column":5}},"4":{"start":{"line":7,"column":4},"end":{"line":7,"column":27}},"5":{"start":{"line":9,"column":4},"end":{"line":11,"column":6}},"6":{"start":{"line":10,"column":6},"end":{"line":10,"column":30}},"7":{"start":{"line":14,"column":2},"end":{"line":14,"column":25}},"8":{"start":{"line":3,"column":13},"end":{"line":3,"column":28}}},"fnMap":{"0":{"name":"(anonymous_0)","decl":{"start":{"line":3,"column":28},"end":{"line":3,"column":null}},"loc":{"start":{"line":3,"column":28},"end":{"line":15,"column":1}}},"1":{"name":"(anonymous_1)","decl":{"start":{"line":6,"column":12},"end":{"line":6,"column":null}},"loc":{"start":{"line":6,"column":12},"end":{"line":12,"column":3}}},"2":{"name":"(anonymous_2)","decl":{"start":{"line":9,"column":11},"end":{"line":9,"column":null}},"loc":{"start":{"line":9,"column":11},"end":{"line":11,"column":5}}}},"branchMap":{},"s":{"0":0,"1":0,"2":0,"3":0,"4":0,"5":0,"6":0,"7":0,"8":0},"f":{"0":0,"1":0,"2":0},"b":{}}
,"/Users/andrevrcoelho/Documents/GitHub/react-custom-hooks-typescript/hooks/useMutation.ts": {"path":"/Users/andrevrcoelho/Documents/GitHub/react-custom-hooks-typescript/hooks/useMutation.ts","statementMap":{"0":{"start":{"line":1,"column":0},"end":{"line":1,"column":58}},"1":{"start":{"line":14,"column":27},"end":{"line":51,"column":1}},"2":{"start":{"line":17,"column":18},"end":{"line":17,"column":28}},"3":{"start":{"line":18,"column":36},"end":{"line":18,"column":51}},"4":{"start":{"line":18,"column":18},"end":{"line":18,"column":20}},"5":{"start":{"line":18,"column":32},"end":{"line":18,"column":36}},"6":{"start":{"line":19,"column":36},"end":{"line":19,"column":51}},"7":{"start":{"line":19,"column":18},"end":{"line":19,"column":20}},"8":{"start":{"line":19,"column":32},"end":{"line":19,"column":36}},"9":{"start":{"line":20,"column":32},"end":{"line":20,"column":47}},"10":{"start":{"line":20,"column":16},"end":{"line":20,"column":18}},"11":{"start":{"line":20,"column":28},"end":{"line":20,"column":32}},"12":{"start":{"line":22,"column":2},"end":{"line":24,"column":5}},"13":{"start":{"line":23,"column":4},"end":{"line":23,"column":25}},"14":{"start":{"line":26,"column":26},"end":{"line":41,"column":4}},"15":{"start":{"line":27,"column":26},"end":{"line":41,"column":4}},"16":{"start":{"line":30,"column":6},"end":{"line":30,"column":26}},"17":{"start":{"line":31,"column":6},"end":{"line":31,"column":24}},"18":{"start":{"line":32,"column":6},"end":{"line":32,"column":25}},"19":{"start":{"line":33,"column":26},"end":{"line":33,"column":null}},"20":{"start":{"line":33,"column":12},"end":{"line":33,"column":null}},"21":{"start":{"line":34,"column":6},"end":{"line":34,"column":25}},"22":{"start":{"line":35,"column":6},"end":{"line":35,"column":25}},"23":{"start":{"line":37,"column":6},"end":{"line":37,"column":23}},"24":{"start":{"line":39,"column":6},"end":{"line":39,"column":26}},"25":{"start":{"line":43,"column":29},"end":{"line":43,"column":52}},"26":{"start":{"line":45,"column":2},"end":{"line":50,"column":4}},"27":{"start":{"line":14,"column":13},"end":{"line":14,"column":27}}},"fnMap":{"0":{"name":"(anonymous_13)","decl":{"start":{"line":14,"column":27},"end":{"line":14,"column":null}},"loc":{"start":{"line":15,"column":41},"end":{"line":51,"column":1}}},"1":{"name":"(anonymous_14)","decl":{"start":{"line":22,"column":18},"end":{"line":22,"column":null}},"loc":{"start":{"line":22,"column":18},"end":{"line":24,"column":3}}},"2":{"name":"(anonymous_15)","decl":{"start":{"line":26,"column":26},"end":{"line":26,"column":null}},"loc":{"start":{"line":27,"column":26},"end":{"line":41,"column":4}}},"3":{"name":"(anonymous_16)","decl":{"start":{"line":27,"column":26},"end":{"line":27,"column":null}},"loc":{"start":{"line":27,"column":26},"end":{"line":41,"column":4}}}},"branchMap":{},"s":{"0":1,"1":1,"2":4,"3":4,"4":4,"5":4,"6":4,"7":4,"8":4,"9":4,"10":4,"11":4,"12":4,"13":4,"14":4,"15":1,"16":1,"17":1,"18":1,"19":1,"20":1,"21":1,"22":1,"23":0,"24":1,"25":4,"26":4,"27":1},"f":{"0":4,"1":4,"2":1,"3":1},"b":{}}
,"/Users/andrevrcoelho/Documents/GitHub/react-custom-hooks-typescript/hooks/usePreviousValue.ts": {"path":"/Users/andrevrcoelho/Documents/GitHub/react-custom-hooks-typescript/hooks/usePreviousValue.ts","statementMap":{"0":{"start":{"line":1,"column":0},"end":{"line":1,"column":31}},"1":{"start":{"line":3,"column":32},"end":{"line":7,"column":1}},"2":{"start":{"line":4,"column":24},"end":{"line":4,"column":37}},"3":{"start":{"line":6,"column":2},"end":{"line":6,"column":31}},"4":{"start":{"line":3,"column":13},"end":{"line":3,"column":32}}},"fnMap":{"0":{"name":"(anonymous_0)","decl":{"start":{"line":3,"column":32},"end":{"line":3,"column":36}},"loc":{"start":{"line":3,"column":44},"end":{"line":7,"column":1}}}},"branchMap":{},"s":{"0":0,"1":0,"2":0,"3":0,"4":0},"f":{"0":0},"b":{}}
,"/Users/andrevrcoelho/Documents/GitHub/react-custom-hooks-typescript/hooks/useQuery.ts": {"path":"/Users/andrevrcoelho/Documents/GitHub/react-custom-hooks-typescript/hooks/useQuery.ts","statementMap":{"0":{"start":{"line":1,"column":0},"end":{"line":1,"column":69}},"1":{"start":{"line":15,"column":24},"end":{"line":58,"column":1}},"2":{"start":{"line":19,"column":18},"end":{"line":19,"column":32}},"3":{"start":{"line":20,"column":36},"end":{"line":20,"column":51}},"4":{"start":{"line":20,"column":18},"end":{"line":20,"column":20}},"5":{"start":{"line":20,"column":32},"end":{"line":20,"column":36}},"6":{"start":{"line":21,"column":36},"end":{"line":21,"column":51}},"7":{"start":{"line":21,"column":18},"end":{"line":21,"column":20}},"8":{"start":{"line":21,"column":32},"end":{"line":21,"column":36}},"9":{"start":{"line":22,"column":32},"end":{"line":22,"column":47}},"10":{"start":{"line":22,"column":16},"end":{"line":22,"column":18}},"11":{"start":{"line":22,"column":28},"end":{"line":22,"column":32}},"12":{"start":{"line":23,"column":26},"end":{"line":23,"column":42}},"13":{"start":{"line":23,"column":13},"end":{"line":23,"column":15}},"14":{"start":{"line":23,"column":22},"end":{"line":23,"column":26}},"15":{"start":{"line":25,"column":2},"end":{"line":27,"column":5}},"16":{"start":{"line":26,"column":4},"end":{"line":26,"column":29}},"17":{"start":{"line":29,"column":23},"end":{"line":42,"column":4}},"18":{"start":{"line":31,"column":6},"end":{"line":31,"column":26}},"19":{"start":{"line":32,"column":6},"end":{"line":32,"column":24}},"20":{"start":{"line":33,"column":6},"end":{"line":33,"column":25}},"21":{"start":{"line":34,"column":26},"end":{"line":34,"column":null}},"22":{"start":{"line":34,"column":12},"end":{"line":34,"column":null}},"23":{"start":{"line":35,"column":6},"end":{"line":35,"column":47}},"24":{"start":{"line":36,"column":6},"end":{"line":36,"column":25}},"25":{"start":{"line":38,"column":6},"end":{"line":38,"column":23}},"26":{"start":{"line":40,"column":6},"end":{"line":40,"column":26}},"27":{"start":{"line":44,"column":26},"end":{"line":44,"column":46}},"28":{"start":{"line":45,"column":2},"end":{"line":49,"column":16}},"29":{"start":{"line":46,"column":4},"end":{"line":48,"column":null}},"30":{"start":{"line":47,"column":6},"end":{"line":47,"column":32}},"31":{"start":{"line":51,"column":2},"end":{"line":57,"column":4}},"32":{"start":{"line":15,"column":13},"end":{"line":15,"column":24}}},"fnMap":{"0":{"name":"(anonymous_13)","decl":{"start":{"line":15,"column":24},"end":{"line":15,"column":null}},"loc":{"start":{"line":17,"column":27},"end":{"line":58,"column":1}}},"1":{"name":"(anonymous_14)","decl":{"start":{"line":25,"column":18},"end":{"line":25,"column":null}},"loc":{"start":{"line":25,"column":18},"end":{"line":27,"column":3}}},"2":{"name":"(anonymous_15)","decl":{"start":{"line":29,"column":23},"end":{"line":29,"column":null}},"loc":{"start":{"line":29,"column":23},"end":{"line":42,"column":4}}},"3":{"name":"(anonymous_18)","decl":{"start":{"line":45,"column":12},"end":{"line":45,"column":null}},"loc":{"start":{"line":45,"column":12},"end":{"line":49,"column":3}}}},"branchMap":{"0":{"loc":{"start":{"line":46,"column":4},"end":{"line":48,"column":null}},"type":"if","locations":[{"start":{"line":46,"column":4},"end":{"line":48,"column":null}}]},"1":{"loc":{"start":{"line":46,"column":9},"end":{"line":46,"column":29}},"type":"cond-expr","locations":[{"start":{"line":46,"column":16},"end":{"line":46,"column":18}},{"start":{"line":46,"column":9},"end":{"line":46,"column":29}}]},"2":{"loc":{"start":{"line":46,"column":9},"end":{"line":46,"column":18}},"type":"binary-expr","locations":[{"start":{"line":46,"column":9},"end":{"line":46,"column":18}},{"start":{"line":46,"column":9},"end":{"line":46,"column":18}}]}},"s":{"0":0,"1":0,"2":0,"3":0,"4":0,"5":0,"6":0,"7":0,"8":0,"9":0,"10":0,"11":0,"12":0,"13":0,"14":0,"15":0,"16":0,"17":0,"18":0,"19":0,"20":0,"21":0,"22":0,"23":0,"24":0,"25":0,"26":0,"27":0,"28":0,"29":0,"30":0,"31":0,"32":0},"f":{"0":0,"1":0,"2":0,"3":0},"b":{"0":[0],"1":[0,0],"2":[0,0]}}
,"/Users/andrevrcoelho/Documents/GitHub/react-custom-hooks-typescript/hooks/useRecordState.ts": {"path":"/Users/andrevrcoelho/Documents/GitHub/react-custom-hooks-typescript/hooks/useRecordState.ts","statementMap":{"0":{"start":{"line":1,"column":0},"end":{"line":1,"column":35}},"1":{"start":{"line":9,"column":30},"end":{"line":10,"column":12}},"2":{"start":{"line":10,"column":2},"end":{"line":23,"column":19}},"3":{"start":{"line":11,"column":4},"end":{"line":16,"column":null}},"4":{"start":{"line":12,"column":6},"end":{"line":14,"column":null}},"5":{"start":{"line":18,"column":22},"end":{"line":19,"column":null}},"6":{"start":{"line":19,"column":11},"end":{"line":19,"column":13}},"7":{"start":{"line":19,"column":18},"end":{"line":19,"column":19}},"8":{"start":{"line":19,"column":24},"end":{"line":19,"column":null}},"9":{"start":{"line":22,"column":4},"end":{"line":22,"column":63}},"10":{"start":{"line":9,"column":13},"end":{"line":9,"column":30}}},"fnMap":{"0":{"name":"(anonymous_2)","decl":{"start":{"line":9,"column":30},"end":{"line":9,"column":52}},"loc":{"start":{"line":9,"column":67},"end":{"line":10,"column":12}}},"1":{"name":"(anonymous_3)","decl":{"start":{"line":10,"column":13},"end":{"line":10,"column":14}},"loc":{"start":{"line":10,"column":50},"end":{"line":23,"column":3}}},"2":{"name":"(anonymous_4)","decl":{"start":{"line":19,"column":6},"end":{"line":19,"column":7}},"loc":{"start":{"line":19,"column":19},"end":{"line":19,"column":33}}}},"branchMap":{"0":{"loc":{"start":{"line":11,"column":4},"end":{"line":16,"column":null}},"type":"if","locations":[{"start":{"line":11,"column":4},"end":{"line":16,"column":null}}]},"1":{"loc":{"start":{"line":22,"column":11},"end":{"line":22,"column":62}},"type":"cond-expr","locations":[{"start":{"line":22,"column":22},"end":{"line":22,"column":51}},{"start":{"line":22,"column":53},"end":{"line":22,"column":62}}]}},"s":{"0":0,"1":0,"2":0,"3":0,"4":0,"5":0,"6":0,"7":0,"8":0,"9":0,"10":0},"f":{"0":0,"1":0,"2":0},"b":{"0":[0],"1":[0,0]}}
,"/Users/andrevrcoelho/Documents/GitHub/react-custom-hooks-typescript/hooks/useToggle.ts": {"path":"/Users/andrevrcoelho/Documents/GitHub/react-custom-hooks-typescript/hooks/useToggle.ts","statementMap":{"0":{"start":{"line":1,"column":0},"end":{"line":1,"column":46}},"1":{"start":{"line":3,"column":25},"end":{"line":4,"column":12}},"2":{"start":{"line":4,"column":2},"end":{"line":4,"column":63}},"3":{"start":{"line":4,"column":37},"end":{"line":4,"column":49}},"4":{"start":{"line":3,"column":13},"end":{"line":3,"column":25}}},"fnMap":{"0":{"name":"(anonymous_0)","decl":{"start":{"line":3,"column":25},"end":{"line":3,"column":26}},"loc":{"start":{"line":3,"column":47},"end":{"line":4,"column":12}}},"1":{"name":"(anonymous_1)","decl":{"start":{"line":4,"column":13},"end":{"line":4,"column":14}},"loc":{"start":{"line":4,"column":32},"end":{"line":4,"column":38}}}},"branchMap":{},"s":{"0":0,"1":0,"2":0,"3":0,"4":0},"f":{"0":0,"1":0},"b":{}}
}
